<?xml version='1.0' encoding='UTF-8'?>
<testsuite hostname="PC-Marion" name="BowlingSpec" tests="17" errors="0" failures="1" skipped="0" time="0.078" timestamp="2018-10-17T22:03:33">
                     <properties>
[...]
</properties>
                     <testcase classname="BowlingSpec" name="isSpare should return true" time="0.062">
                                                 
                                               </testcase><testcase classname="BowlingSpec" name="isSpare should return false" time="0.0">
                                                 
                                               </testcase><testcase classname="BowlingSpec" name="isStrike should return true" time="0.0">
                                                 
                                               </testcase><testcase classname="BowlingSpec" name="isStrike should return false" time="0.0">
                                                 
                                               </testcase><testcase classname="BowlingSpec" name="strike should return the right score" time="0.0">
                                                 
                                               </testcase><testcase classname="BowlingSpec" name="strike should not return the right score" time="0.0">
                                                 
                                               </testcase><testcase classname="BowlingSpec" name="spare should return the right score" time="0.0">
                                                 
                                               </testcase><testcase classname="BowlingSpec" name="spare should not return the right score" time="0.0">
                                                 
                                               </testcase><testcase classname="BowlingSpec" name="sumRolls should return the right score" time="0.0">
                                                 
                                               </testcase><testcase classname="BowlingSpec" name="sumRolls should not return the right score" time="0.0">
                                                 
                                               </testcase><testcase classname="BowlingSpec" name="play all rolls with 0 should return a score of 0" time="0.0">
                                                 
                                               </testcase><testcase classname="BowlingSpec" name="play all rolls with 1 should return a score of 20" time="0.0">
                                                 
                                               </testcase><testcase classname="BowlingSpec" name="play all rolls with 1 except one with 1 spare should return a score of 29" time="0.0">
                                                 
                                               </testcase><testcase classname="BowlingSpec" name="play all rolls with 1 except one with 1 strike should return a score of 30" time="0.016">
                                                 
                                               </testcase><testcase classname="BowlingSpec" name="play all rolls with 1 except a spare at the end with 2 should return a score of 31" time="0.0">
                                                 
                                               </testcase><testcase classname="BowlingSpec" name="play a strike at the start and a spare at the end with 2 should return a score of 40" time="0.0">
                                                 
                                               </testcase><testcase classname="BowlingSpec" name="play should return a score of 300" time="0.0">
                                                 <failure message="head of empty list" type="java.util.NoSuchElementException">java.util.NoSuchElementException: head of empty list
	at scala.collection.immutable.Nil$.head(List.scala:426)
	at scala.collection.immutable.Nil$.head(List.scala:423)
	at bowling.Game.getScore(Bowling.scala:52)
	at bowling.Game.getScore(Bowling.scala:54)
	at BowlingSpec.$anonfun$new$23(BowlingSpec.scala:137)
	at org.scalatest.OutcomeOf.outcomeOf(OutcomeOf.scala:85)
	at org.scalatest.OutcomeOf.outcomeOf$(OutcomeOf.scala:83)
	at org.scalatest.OutcomeOf$.outcomeOf(OutcomeOf.scala:104)
	at org.scalatest.Transformer.apply(Transformer.scala:22)
	at org.scalatest.Transformer.apply(Transformer.scala:20)
	at org.scalatest.FunSpecLike$$anon$1.apply(FunSpecLike.scala:454)
	at org.scalatest.TestSuite.withFixture(TestSuite.scala:196)
	at org.scalatest.TestSuite.withFixture$(TestSuite.scala:195)
	at org.scalatest.FunSpec.withFixture(FunSpec.scala:1630)
	at org.scalatest.FunSpecLike.invokeWithFixture$1(FunSpecLike.scala:452)
	at org.scalatest.FunSpecLike.$anonfun$runTest$1(FunSpecLike.scala:464)
	at org.scalatest.SuperEngine.runTestImpl(Engine.scala:289)
	at org.scalatest.FunSpecLike.runTest(FunSpecLike.scala:464)
	at org.scalatest.FunSpecLike.runTest$(FunSpecLike.scala:446)
	at org.scalatest.FunSpec.runTest(FunSpec.scala:1630)
	at org.scalatest.FunSpecLike.$anonfun$runTests$1(FunSpecLike.scala:497)
	at org.scalatest.SuperEngine.$anonfun$runTestsInBranch$1(Engine.scala:396)
	at scala.collection.immutable.List.foreach(List.scala:388)
	at org.scalatest.SuperEngine.traverseSubNodes$1(Engine.scala:384)
	at org.scalatest.SuperEngine.runTestsInBranch(Engine.scala:373)
	at org.scalatest.SuperEngine.$anonfun$runTestsInBranch$1(Engine.scala:410)
	at scala.collection.immutable.List.foreach(List.scala:388)
	at org.scalatest.SuperEngine.traverseSubNodes$1(Engine.scala:384)
	at org.scalatest.SuperEngine.runTestsInBranch(Engine.scala:379)
	at org.scalatest.SuperEngine.runTestsImpl(Engine.scala:461)
	at org.scalatest.FunSpecLike.runTests(FunSpecLike.scala:497)
	at org.scalatest.FunSpecLike.runTests$(FunSpecLike.scala:496)
	at org.scalatest.FunSpec.runTests(FunSpec.scala:1630)
	at org.scalatest.Suite.run(Suite.scala:1147)
	at org.scalatest.Suite.run$(Suite.scala:1129)
	at org.scalatest.FunSpec.org$scalatest$FunSpecLike$$super$run(FunSpec.scala:1630)
	at org.scalatest.FunSpecLike.$anonfun$run$1(FunSpecLike.scala:501)
	at org.scalatest.SuperEngine.runImpl(Engine.scala:521)
	at org.scalatest.FunSpecLike.run(FunSpecLike.scala:501)
	at org.scalatest.FunSpecLike.run$(FunSpecLike.scala:500)
	at org.scalatest.FunSpec.run(FunSpec.scala:1630)
	at org.scalatest.tools.Framework.org$scalatest$tools$Framework$$runSuite(Framework.scala:314)
	at org.scalatest.tools.Framework$ScalaTestTask.execute(Framework.scala:507)
	at sbt.TestRunner.runTest$1(TestFramework.scala:113)
	at sbt.TestRunner.run(TestFramework.scala:124)
	at sbt.TestFramework$$anon$2$$anonfun$$lessinit$greater$1.$anonfun$apply$1(TestFramework.scala:282)
	at sbt.TestFramework$.sbt$TestFramework$$withContextLoader(TestFramework.scala:246)
	at sbt.TestFramework$$anon$2$$anonfun$$lessinit$greater$1.apply(TestFramework.scala:282)
	at sbt.TestFramework$$anon$2$$anonfun$$lessinit$greater$1.apply(TestFramework.scala:282)
	at sbt.TestFunction.apply(TestFramework.scala:294)
	at sbt.Tests$.$anonfun$toTask$1(Tests.scala:309)
	at sbt.std.Transform$$anon$3.$anonfun$apply$2(System.scala:46)
	at sbt.std.Transform$$anon$4.work(System.scala:67)
	at sbt.Execute.$anonfun$submit$2(Execute.scala:269)
	at sbt.internal.util.ErrorHandling$.wideConvert(ErrorHandling.scala:16)
	at sbt.Execute.work(Execute.scala:278)
	at sbt.Execute.$anonfun$submit$1(Execute.scala:269)
	at sbt.ConcurrentRestrictions$$anon$4.$anonfun$submitValid$1(ConcurrentRestrictions.scala:178)
	at sbt.CompletionService$$anon$2.call(CompletionService.scala:37)
	at java.base/java.util.concurrent.FutureTask.run(FutureTask.java:264)
	at java.base/java.util.concurrent.Executors$RunnableAdapter.call(Executors.java:515)
	at java.base/java.util.concurrent.FutureTask.run(FutureTask.java:264)
	at java.base/java.util.concurrent.ThreadPoolExecutor.runWorker(ThreadPoolExecutor.java:1128)
	at java.base/java.util.concurrent.ThreadPoolExecutor$Worker.run(ThreadPoolExecutor.java:628)
	at java.base/java.lang.Thread.run(Thread.java:834)
</failure>
                                               </testcase>
                     <system-out><![CDATA[]]></system-out>
                     <system-err><![CDATA[]]></system-err>
                   </testsuite>